<?xml version="1.0" encoding="UTF-8"?>
<!-- Generated by org.testng.reporters.JUnitReportReporter -->
<testsuite hostname="sridhar" failures="0" tests="2" name="seleniumAcademy.mavenjaja.AppiumTest" time="0.013" errors="0" timestamp="2020-07-15T12:27:50 IST" skipped="0">
  <testcase classname="seleniumAcademy.mavenjaja.AppiumTest" name="deleteTwitter" time="0.011"/>
  <system-out/>
  <testcase classname="seleniumAcademy.mavenjaja.AppiumTest" name="postJar" time="0.002"/>
  <system-out/>
</testsuite> <!-- seleniumAcademy.mavenjaja.AppiumTest -->
