<?xml version="1.0" encoding="UTF-8"?>
<!-- Generated by org.testng.reporters.JUnitReportReporter -->
<testsuite hostname="sridhar" failures="0" tests="2" name="seleniumAcademy.mavenjaja.RESTAPITest" time="0.002" errors="0" timestamp="2020-07-15T14:33:40 IST" skipped="0">
  <testcase classname="seleniumAcademy.mavenjaja.RESTAPITest" name="elementUi" time="0.001"/>
  <system-out/>
  <testcase classname="seleniumAcademy.mavenjaja.RESTAPITest" name="browserAutomation" time="0.001"/>
  <system-out/>
</testsuite> <!-- seleniumAcademy.mavenjaja.RESTAPITest -->
