<?xml version="1.0" encoding="UTF-8"?>
<!-- Generated by org.testng.reporters.JUnitReportReporter -->
<testsuite hostname="sridhar" failures="0" tests="2" name="seleniumAcademy.mavenjaja.AppiumTest" time="0.005" errors="0" timestamp="2020-07-15T14:33:40 IST" skipped="0">
  <testcase classname="seleniumAcademy.mavenjaja.AppiumTest" name="deleteTwitter" time="0.005"/>
  <system-out/>
  <testcase classname="seleniumAcademy.mavenjaja.AppiumTest" name="postJar" time="0.000"/>
  <system-out/>
</testsuite> <!-- seleniumAcademy.mavenjaja.AppiumTest -->
