<?xml version="1.0" encoding="UTF-8"?>
<!-- Generated by org.testng.reporters.JUnitReportReporter -->
<testsuite hostname="sridhar" failures="0" tests="2" name="seleniumAcademy.mavenjaja.SeleniumTest" time="0.000" errors="0" timestamp="2020-07-15T14:33:40 IST" skipped="0">
  <testcase classname="seleniumAcademy.mavenjaja.SeleniumTest" name="malware" time="0.000"/>
  <system-out/>
  <testcase classname="seleniumAcademy.mavenjaja.SeleniumTest" name="nativeAndroidApp" time="0.000"/>
  <system-out/>
</testsuite> <!-- seleniumAcademy.mavenjaja.SeleniumTest -->
